<?xml version="1.0" encoding="utf-8"?><testsuites name="pytest tests"><testsuite name="pytest" errors="0" failures="0" skipped="0" tests="17" time="2.358" timestamp="2026-03-27T20:53:36.285123+00:00" hostname="agent-env-2bef8706-814d-499f-990d-c5d8a134a97c"><testcase classname="backend.tests.test_incentive_rules.TestIncentiveRulesAPI" name="test_get_incentive_rules_returns_list" time="0.213" /><testcase classname="backend.tests.test_incentive_rules.TestIncentiveRulesAPI" name="test_incentive_rules_have_required_fields" time="0.187" /><testcase classname="backend.tests.test_incentive_rules.TestIncentiveRulesAPI" name="test_rules_grouped_by_deal_size" time="0.121" /><testcase classname="backend.tests.test_incentive_rules.TestIncentiveMultipliersAPI" name="test_get_incentive_multipliers" time="0.129" /><testcase classname="backend.tests.test_incentive_rules.TestIncentiveMultipliersAPI" name="test_multipliers_have_correct_defaults" time="0.116" /><testcase classname="backend.tests.test_incentive_rules.TestCalculateSimpleWithIncentives" name="test_new_client_direct_uses_full_percentages" time="0.132" /><testcase classname="backend.tests.test_incentive_rules.TestCalculateSimpleWithIncentives" name="test_existing_client_applies_09_multiplier" time="0.132" /><testcase classname="backend.tests.test_incentive_rules.TestCalculateSimpleWithIncentives" name="test_referral_applies_05_multiplier" time="0.115" /><testcase classname="backend.tests.test_incentive_rules.TestCalculateSimpleWithIncentives" name="test_combined_existing_referral_applies_045_multiplier" time="0.123" /><testcase classname="backend.tests.test_incentive_rules.TestCalculateSimpleWithIncentives" name="test_deal_size_auto_detection" time="0.158" /><testcase classname="backend.tests.test_incentive_rules.TestCalculateSimpleWithIncentives" name="test_incentive_breakdown_has_sales_rep_and_manager" time="0.127" /><testcase classname="backend.tests.test_incentive_rules.TestCalculateSimpleWithIncentives" name="test_total_incentive_is_sum_of_capped_values" time="0.130" /><testcase classname="backend.tests.test_incentive_rules.TestIncentiveCaps" name="test_cap_applied_flag_when_value_exceeds_cap" time="0.123" /><testcase classname="backend.tests.test_incentive_rules.TestContributionMargin" name="test_contribution_margin_formula" time="0.128" /><testcase classname="backend.tests.test_incentive_rules.TestAdminIncentiveRulesManagement" name="test_update_multipliers_requires_admin" time="0.105" /><testcase classname="backend.tests.test_incentive_rules.TestAdminIncentiveRulesManagement" name="test_update_multipliers_with_admin" time="0.124" /><testcase classname="backend.tests.test_incentive_rules.TestDealSizeRanges" name="test_get_deal_size_ranges" time="0.124" /></testsuite></testsuites>