<?xml version="1.0" encoding="utf-8"?><testsuites name="pytest tests"><testsuite name="pytest" errors="0" failures="0" skipped="0" tests="9" time="1.853" timestamp="2026-03-27T19:21:44.399087+00:00" hostname="agent-env-2bef8706-814d-499f-990d-c5d8a134a97c"><testcase classname="tests.test_pricing_features.TestPricingGuidelines" name="test_get_pricing_guidelines" time="0.271" /><testcase classname="tests.test_pricing_features.TestRiskConfiguration" name="test_get_risk_config" time="0.111" /><testcase classname="tests.test_pricing_features.TestSimpleCalculatorWithSplitMargins" name="test_calculate_without_split_margins" time="0.162" /><testcase classname="tests.test_pricing_features.TestSimpleCalculatorWithSplitMargins" name="test_calculate_with_split_margins" time="0.120" /><testcase classname="tests.test_pricing_features.TestRiskFactorsCalculation" name="test_calculate_with_risk_factors" time="0.576" /><testcase classname="tests.test_pricing_features.TestRiskFactorsCalculation" name="test_separate_internal_and_vendor_risk" time="0.156" /><testcase classname="tests.test_pricing_features.TestMarginWarnings" name="test_warning_when_margin_below_minimum" time="0.120" /><testcase classname="tests.test_pricing_features.TestVendorServices" name="test_get_vendor_services" time="0.105" /><testcase classname="tests.test_pricing_features.TestRoles" name="test_get_roles" time="0.123" /></testsuite></testsuites>